<?xml version="1.0" encoding="UTF-8"?>
<testng-results ignored="0" total="1" passed="1" failed="0" skipped="0">
  <reporter-output>
  </reporter-output>
  <suite started-at="2018-03-27T05:07:04Z" name="Default suite" finished-at="2018-03-27T05:07:26Z" duration-ms="21643">
    <groups>
    </groups>
    <test started-at="2018-03-27T05:07:04Z" name="Default test" finished-at="2018-03-27T05:07:26Z" duration-ms="21643">
      <class name="com.test.automation.uiAutomation.homePage.TC0001_VerifyLogin">
        <test-method is-config="true" signature="setUp()[pri:0, instance:com.test.automation.uiAutomation.homePage.TC0001_VerifyLogin@3c0be339]" started-at="2018-03-27T10:37:04Z" name="setUp" finished-at="2018-03-27T10:37:18Z" duration-ms="13628" status="PASS">
          <reporter-output>
          </reporter-output>
        </test-method> <!-- setUp -->
        <test-method signature="verifyLogin()[pri:0, instance:com.test.automation.uiAutomation.homePage.TC0001_VerifyLogin@3c0be339]" started-at="2018-03-27T10:37:18Z" name="verifyLogin" finished-at="2018-03-27T10:37:24Z" duration-ms="6850" status="PASS">
          <reporter-output>
          </reporter-output>
        </test-method> <!-- verifyLogin -->
        <test-method is-config="true" signature="testEnd()[pri:0, instance:com.test.automation.uiAutomation.homePage.TC0001_VerifyLogin@3c0be339]" started-at="2018-03-27T10:37:24Z" name="testEnd" finished-at="2018-03-27T10:37:26Z" duration-ms="1105" status="PASS">
          <reporter-output>
          </reporter-output>
        </test-method> <!-- testEnd -->
      </class> <!-- com.test.automation.uiAutomation.homePage.TC0001_VerifyLogin -->
    </test> <!-- Default test -->
  </suite> <!-- Default suite -->
</testng-results>
